#    0 ERR:  0.1000000000000000E+01
#    1 ERR:  0.2876949889515809E+00
#    2 ERR:  0.1392523788951770E+00
#    3 ERR:  0.1930994306046833E+00
#    4 ERR:  0.1095602638794879E+00
#    5 ERR:  0.6415752138540283E-01
#    6 ERR:  0.4761094002910429E-01
#    7 ERR:  0.8952110537477018E-01
#    8 ERR:  0.6430687197319325E-01
#    9 ERR:  0.5343246344314842E-01
#   10 ERR:  0.4186088240720821E-01
#   11 ERR:  0.3187696034428868E-01
#   12 ERR:  0.2603954620736327E-01
#   13 ERR:  0.2540590275769293E-01
#   14 ERR:  0.1815041475821567E-01
#   15 ERR:  0.2240629321564741E-01
#   16 ERR:  0.1869608324087608E-01
#   17 ERR:  0.1131406896163211E-01
#   18 ERR:  0.9638131753824969E-02
#   19 ERR:  0.2618173820660300E-01
#   20 ERR:  0.1173911488789066E-01
#   21 ERR:  0.6779693112961923E-02
#   22 ERR:  0.5895325697144056E-02
#   23 ERR:  0.5362178986836401E-02
#   24 ERR:  0.4473191964043079E-02
#   25 ERR:  0.2679836477858341E-02
#   26 ERR:  0.2458551875163159E-02
#   27 ERR:  0.2248134320888346E-02
#   28 ERR:  0.2054912137578903E-02
#   29 ERR:  0.2122545562259871E-02
#   30 ERR:  0.1857925382810494E-02
#   31 ERR:  0.1878651965461396E-02
#   32 ERR:  0.1730057140448695E-02
#   33 ERR:  0.2388555070939562E-02
#   34 ERR:  0.1983777629666073E-02
#   35 ERR:  0.2885459616451916E-02
#   36 ERR:  0.1842306611889000E-02
#   37 ERR:  0.1756245061213555E-02
#   38 ERR:  0.1293812589433800E-02
#   39 ERR:  0.1756587008262475E-02
#   40 ERR:  0.1527378889879452E-02
#   41 ERR:  0.2667178173359082E-02
#   42 ERR:  0.2055156342674078E-02
#   43 ERR:  0.1625909259511295E-02
#   44 ERR:  0.1401453791689201E-02
#   45 ERR:  0.5985748275290740E-03
#   46 ERR:  0.5547336654770026E-03
#   47 ERR:  0.5875389102410921E-03
#   48 ERR:  0.5311048963554981E-03
#   49 ERR:  0.4266388959143022E-03
#   50 ERR:  0.3518287646274535E-03
#   51 ERR:  0.1149193509567564E-02
#   52 ERR:  0.1011118855921126E-02
#   53 ERR:  0.2270828060460378E-03
#   54 ERR:  0.1953436600944132E-03
#   55 ERR:  0.1940917350522031E-03
#   56 ERR:  0.1791806986280770E-03
#   57 ERR:  0.1754874481030640E-03
#   58 ERR:  0.1632928688960131E-03
#   59 ERR:  0.1670682416229239E-03
#   60 ERR:  0.1481471821270785E-03
#   61 ERR:  0.1187089916251059E-03
#   62 ERR:  0.9719008130258070E-04
#   63 ERR:  0.9929362794232020E-04
#   64 ERR:  0.8421854414421922E-04
#   65 ERR:  0.1583629617726793E-03
#   66 ERR:  0.1253101024546595E-03
#   67 ERR:  0.1157476503911413E-03
#   68 ERR:  0.1066954212186606E-03
#   69 ERR:  0.1018504556109928E-03
#   70 ERR:  0.7488922287277111E-04
#   71 ERR:  0.1477929251344177E-03
#   72 ERR:  0.1290186609755235E-03
#   73 ERR:  0.1014157560405664E-03
#   74 ERR:  0.9360097239551251E-04
#   75 ERR:  0.1100939445645857E-03
#   76 ERR:  0.1001565750665334E-03
#   77 ERR:  0.1560013529292002E-03
#   78 ERR:  0.1428489406728171E-03
#   79 ERR:  0.5647880236602841E-04
#   80 ERR:  0.5238119748638182E-04
#   81 ERR:  0.5820032588210932E-04
#   82 ERR:  0.5457305713333372E-04
#   83 ERR:  0.4741617656789982E-04
#   84 ERR:  0.4446226222652180E-04
#   85 ERR:  0.3189432789311156E-04
#   86 ERR:  0.2895219789010159E-04
#   87 ERR:  0.2659456776956453E-04
#   88 ERR:  0.2488063693385366E-04
#   89 ERR:  0.2487709645320303E-04
#   90 ERR:  0.2309501931404561E-04
#   91 ERR:  0.3558939884200073E-04
#   92 ERR:  0.3017087680156944E-04
#   93 ERR:  0.2653871030484230E-04
#   94 ERR:  0.2323120924701778E-04
#   95 ERR:  0.2060296782933770E-04
#   96 ERR:  0.1828843727878988E-04
#   97 ERR:  0.1896510857236527E-04
#   98 ERR:  0.1770118114672871E-04
#   99 ERR:  0.2024441220731818E-04
#  100 ERR:  0.1870165667125809E-04
#  101 ERR:  0.1506797551828940E-04
#  102 ERR:  0.1394144137805918E-04
#  103 ERR:  0.1335987815900196E-04
#  104 ERR:  0.1195382800473970E-04
#  105 ERR:  0.1242564001918246E-04
#  106 ERR:  0.1133306084887962E-04
#  107 ERR:  0.1152685846932279E-04
#  108 ERR:  0.1041227420461162E-04
#  109 ERR:  0.1290991943142572E-04
#  110 ERR:  0.1028780137376326E-04
#  111 ERR:  0.7231115907960021E-05
#  112 ERR:  0.6704656306541391E-05
#  113 ERR:  0.4313781275242042E-05
#  114 ERR:  0.4022998201135397E-05
#  115 ERR:  0.3721924504492978E-05
#  116 ERR:  0.3436570141210424E-05
#  117 ERR:  0.3498263676613475E-05
#  118 ERR:  0.3140018525924817E-05
#  119 ERR:  0.2833108129837683E-05
#  120 ERR:  0.2516711785480100E-05
#  121 ERR:  0.2147796645131362E-05
#  122 ERR:  0.1991179139973663E-05
#  123 ERR:  0.1700045947034352E-05
#  124 ERR:  0.1562235054084652E-05
#  125 ERR:  0.1505398556999520E-05
#  126 ERR:  0.1380938104721433E-05
#  127 ERR:  0.1685965951356860E-05
#  128 ERR:  0.1561211297399547E-05
#  129 ERR:  0.3844534797309104E-05
#  130 ERR:  0.3527766723260030E-05
#  131 ERR:  0.2387766933868346E-05
#  132 ERR:  0.2215431954978481E-05
#  133 ERR:  0.9535625552339739E-06
#  134 ERR:  0.8915534653143489E-06
#  135 ERR:  0.7267265258043660E-06
#  136 ERR:  0.6790101552478555E-06
#  137 ERR:  0.6551538755269621E-06
#  138 ERR:  0.6070600773232639E-06
#  139 ERR:  0.6567247548565867E-06
#  140 ERR:  0.5679460625696289E-06
#  141 ERR:  0.5621169225272504E-06
#  142 ERR:  0.5205186934428303E-06
#  143 ERR:  0.4048191263502716E-06
#  144 ERR:  0.3805226579193292E-06
#  145 ERR:  0.3727735790783065E-06
#  146 ERR:  0.3308008810845392E-06
#  147 ERR:  0.3054803887151690E-06
#  148 ERR:  0.2828757932061975E-06
#  149 ERR:  0.5457248286089437E-06
#  150 ERR:  0.3016915791077574E-06
#  151 ERR:  0.3675268307540357E-06
#  152 ERR:  0.3401384504470816E-06
#  153 ERR:  0.7312705358742808E-06
#  154 ERR:  0.4115578827330358E-06
#  155 ERR:  0.4349737124794884E-06
#  156 ERR:  0.3772517856238434E-06
#  157 ERR:  0.2862677392138278E-06
#  158 ERR:  0.2645114521028732E-06
#  159 ERR:  0.2186411313968888E-06
#  160 ERR:  0.1976306713820845E-06
#  161 ERR:  0.2607921072067058E-06
#  162 ERR:  0.2438066807900036E-06
#  163 ERR:  0.3454874082533340E-06
#  164 ERR:  0.3212673651890952E-06
#  165 ERR:  0.1648291252098452E-05
#  166 ERR:  0.1463626110009928E-05
#  167 ERR:  0.6491095029832173E-07
#  168 ERR:  0.5994715392999945E-07
#  169 ERR:  0.5045696396022318E-07
#  170 ERR:  0.4604126802471918E-07
#  171 ERR:  0.4174320634992118E-07
#  172 ERR:  0.3901448199504395E-07
#  173 ERR:  0.3383213112024704E-07
#  174 ERR:  0.3083218038761949E-07
#  175 ERR:  0.2968118884759933E-07
#  176 ERR:  0.2739984122366759E-07
#  177 ERR:  0.2803566857616385E-07
#  178 ERR:  0.2601726100877178E-07
#  179 ERR:  0.2730813169720230E-07
#  180 ERR:  0.2495732154182942E-07
#  181 ERR:  0.1190803934155979E-06
#  182 ERR:  0.9000563864074645E-07
#  183 ERR:  0.1887021202294629E-07
#  184 ERR:  0.1538893996044138E-07
#  185 ERR:  0.1511632359363920E-07
#  186 ERR:  0.1346701685935983E-07
#  187 ERR:  0.1161822415164893E-07
#  188 ERR:  0.1058384337620138E-07
#  189 ERR:  0.8303696409723138E-08
#  190 ERR:  0.7659791545565747E-08
#  191 ERR:  0.8600421200079066E-08
#  192 ERR:  0.7833329539469684E-08
#  193 ERR:  0.7485628567804419E-08
#  194 ERR:  0.6681499412988255E-08
#  195 ERR:  0.8775464749134257E-08
#  196 ERR:  0.7718636209424255E-08
#  197 ERR:  0.7990628347877253E-08
#  198 ERR:  0.7253755997958913E-08
#  199 ERR:  0.8854492190944132E-08
#  200 ERR:  0.8131329289703109E-08
#  201 ERR:  0.7846935436947437E-08
#  202 ERR:  0.7253311746761773E-08
#  203 ERR:  0.5998236791647507E-08
#  204 ERR:  0.5513748512436964E-08
#  205 ERR:  0.5705376071023460E-08
#  206 ERR:  0.5323025976292434E-08
#  207 ERR:  0.1357362090344853E-08
#  208 ERR:  0.1236437369422856E-08
#  209 ERR:  0.1041066849383996E-08
#  210 ERR:  0.9664281967101131E-09
#  211 ERR:  0.1295972254857417E-08
#  212 ERR:  0.1055934463260454E-08
#  213 ERR:  0.2224133941804708E-08
#  214 ERR:  0.2049660290211257E-08
#  215 ERR:  0.7292692482205524E-08
#  216 ERR:  0.6755828422696495E-08
#  217 ERR:  0.4141852469591411E-08
#  218 ERR:  0.3863853679646478E-08
#  219 ERR:  0.1350318457429925E-08
#  220 ERR:  0.1201259462058077E-08
#  221 ERR:  0.5004876731304675E-09
#  222 ERR:  0.4585369645765495E-09
#  223 ERR:  0.7779645642213751E-09
#  224 ERR:  0.7030831406515638E-09
#  225 ERR:  0.1319478599312815E-09
#  226 ERR:  0.1238889652656142E-09
#  227 ERR:  0.1063491663733859E-09
#  228 ERR:  0.9380632123920079E-10
#  229 ERR:  0.1507389256572581E-09
#  230 ERR:  0.1117469437747845E-09
#  231 ERR:  0.7580648276113960E-10
#  232 ERR:  0.7079717032495371E-10
#  233 ERR:  0.6805294346500783E-10
#  234 ERR:  0.6136291815758773E-10
#  235 ERR:  0.5934510076279199E-10
#  236 ERR:  0.5548420356234726E-10
#  237 ERR:  0.5823375107226359E-10
#  238 ERR:  0.5333939040716003E-10
#  239 ERR:  0.4763280508182965E-10
#  240 ERR:  0.4129712750064067E-10
#  241 ERR:  0.4196431871547789E-10
#  242 ERR:  0.3628624407739835E-10
#  243 ERR:  0.7892687659371682E-10
#  244 ERR:  0.3391548406517043E-10
#  245 ERR:  0.3059804806158793E-10
#  246 ERR:  0.2758881240580667E-10
#  247 ERR:  0.2670624336186452E-10
#  248 ERR:  0.2461928262074287E-10
#  249 ERR:  0.2345749391389039E-10
#  250 ERR:  0.2199948298744379E-10
#  251 ERR:  0.1189697285860586E-09
#  252 ERR:  0.4980119504501382E-10
#  253 ERR:  0.1840983839619291E-10
#  254 ERR:  0.1695133344886468E-10
#  255 ERR:  0.1514802040319758E-10
#  256 ERR:  0.1414210635749036E-10
#  257 ERR:  0.2125768246136969E-10
#  258 ERR:  0.1433199106342028E-10
#  259 ERR:  0.1369178397638722E-10
#  260 ERR:  0.1164336113126990E-10
#  261 ERR:  0.9603250001346973E-11
#  262 ERR:  0.8310417077268712E-11
#  263 ERR:  0.8312745026403980E-11
#  264 ERR:  0.7801846363598781E-11
#  265 ERR:  0.6000534863913941E-11
#  266 ERR:  0.5099766169447570E-11
#  267 ERR:  0.4888957855335305E-11
#  268 ERR:  0.4586672486877229E-11
#  269 ERR:  0.4616349947507560E-11
#  270 ERR:  0.4349094303941380E-11
#  271 ERR:  0.4441573299974890E-11
#  272 ERR:  0.4155302007652522E-11
#  273 ERR:  0.4846141586973743E-11
#  274 ERR:  0.4543194939469106E-11
#  275 ERR:  0.4251168114289974E-11
#  276 ERR:  0.3934859429103444E-11
#  277 ERR:  0.2897943730961077E-11
#  278 ERR:  0.2402043441773698E-11
#  279 ERR:  0.1029546173528470E-10
#  280 ERR:  0.6555757249103324E-11
#  281 ERR:  0.1785162146505017E-11
#  282 ERR:  0.1624427550146333E-11
#  283 ERR:  0.2016571849329175E-11
#  284 ERR:  0.1468592402972437E-11
#  285 ERR:  0.1319807732024734E-11
#  286 ERR:  0.1231492481795660E-11
#  287 ERR:  0.1127342866377520E-11
#  288 ERR:  0.1003381977369651E-11
#  289 ERR:  0.9951862556394052E-12
#  290 ERR:  0.9266394339908771E-12
#  291 ERR:  0.9249395866267362E-12
#  292 ERR:  0.8678853165597927E-12
#  293 ERR:  0.8340746496205258E-12
#  294 ERR:  0.7312944107002092E-12
#  295 ERR:  0.7532328480867591E-12
#  296 ERR:  0.5669095504552854E-12
#  297 ERR:  0.1598266016681534E-11
#  298 ERR:  0.9119014062949583E-12
#  299 ERR:  0.4742455857644075E-12
#  300 ERR:  0.4413288019212447E-12
#  301 ERR:  0.4385659664453611E-12
#  302 ERR:  0.4111747911436497E-12
#  303 ERR:  0.5635071241465480E-12
#  304 ERR:  0.5280860725010370E-12
#  305 ERR:  0.4718996942112706E-12
#  306 ERR:  0.4426607338995510E-12
#  307 ERR:  0.4651058631321168E-12
#  308 ERR:  0.4114543379536750E-12
#  309 ERR:  0.4483104220112336E-12
#  310 ERR:  0.4054635631233854E-12
#  311 ERR:  0.4143648438694116E-12
#  312 ERR:  0.3872242787480480E-12
#  313 ERR:  0.4344688347927766E-12
#  314 ERR:  0.4057276390086433E-12
#  315 ERR:  0.4843273406343089E-12
#  316 ERR:  0.4521403749178514E-12
#  317 ERR:  0.4787244615659245E-12
#  318 ERR:  0.4402606533227045E-12
#  319 ERR:  0.4397164146382389E-12
#  320 ERR:  0.4116198048589658E-12
#  321 ERR:  0.2908209654660069E-12
#  322 ERR:  0.2726663100310893E-12
#  323 ERR:  0.1662886260236015E-12
#  324 ERR:  0.1264118744094787E-12
#  325 ERR:  0.1297625667751144E-12
#  326 ERR:  0.1202873282158058E-12
#  327 ERR:  0.6086158304288909E-12
#  328 ERR:  0.5523730320415208E-12
#  329 ERR:  0.7623731000394715E-13
BiCGStab iteration converged.
#  329 ERR =  0.7623731000394715E-13 ETIME =  0.6971191596984863E+02
