#    0 ERR:  0.1000000000000000E+01
#    1 ERR:  0.2874115952711983E+00
#    2 ERR:  0.1385099525167503E+00
#    3 ERR:  0.1846466018189815E+00
#    4 ERR:  0.1047791615707011E+00
#    5 ERR:  0.6494989516367060E-01
#    6 ERR:  0.4556776603829248E-01
#    7 ERR:  0.1631179197320087E+00
#    8 ERR:  0.9068594068372898E-01
#    9 ERR:  0.1093721103264308E+00
#   10 ERR:  0.7542765959340296E-01
#   11 ERR:  0.3307058411781655E-01
#   12 ERR:  0.2658988743049159E-01
#   13 ERR:  0.2451684698714695E-01
#   14 ERR:  0.2049505535533223E-01
#   15 ERR:  0.2654993147984245E-01
#   16 ERR:  0.2066507313331773E-01
#   17 ERR:  0.1376988558031941E-01
#   18 ERR:  0.1153220770010575E-01
#   19 ERR:  0.8338109651395966E-02
#   20 ERR:  0.7418455286452943E-02
#   21 ERR:  0.8189202664743314E-02
#   22 ERR:  0.7244210125252193E-02
#   23 ERR:  0.9492844554004388E-02
#   24 ERR:  0.8577532541239901E-02
#   25 ERR:  0.1035911337952202E-01
#   26 ERR:  0.9031181517221539E-02
#   27 ERR:  0.3051327737435252E-01
#   28 ERR:  0.2770979999672217E-01
#   29 ERR:  0.1815121350940067E-01
#   30 ERR:  0.1590671809322121E-01
#   31 ERR:  0.9610682817099392E-02
#   32 ERR:  0.8180155503466142E-02
#   33 ERR:  0.4518036971173024E-02
#   34 ERR:  0.3773531297812581E-02
#   35 ERR:  0.5245520741565897E-02
#   36 ERR:  0.4131661149050828E-02
#   37 ERR:  0.2299697240518277E-02
#   38 ERR:  0.2109306883642024E-02
#   39 ERR:  0.1743368254927939E-02
#   40 ERR:  0.1603448038872138E-02
#   41 ERR:  0.2167827595076369E-02
#   42 ERR:  0.1825261220917269E-02
#   43 ERR:  0.1963512173029804E-02
#   44 ERR:  0.1801294749690365E-02
#   45 ERR:  0.2814883037184041E-03
#   46 ERR:  0.2417402347930419E-03
#   47 ERR:  0.4431650980311846E-03
#   48 ERR:  0.4059224030837966E-03
#   49 ERR:  0.2792031136920673E-03
#   50 ERR:  0.2218982327961879E-03
#   51 ERR:  0.1303518635819304E-03
#   52 ERR:  0.1199422879444354E-03
#   53 ERR:  0.8070456960443867E-04
#   54 ERR:  0.6792522790412618E-04
#   55 ERR:  0.6239033742030684E-04
#   56 ERR:  0.5750919223029575E-04
#   57 ERR:  0.5460106566720186E-04
#   58 ERR:  0.4960305762926041E-04
#   59 ERR:  0.4700492533112576E-04
#   60 ERR:  0.4100386508860192E-04
#   61 ERR:  0.3903247561037642E-04
#   62 ERR:  0.3596490307835154E-04
#   63 ERR:  0.1321038476602119E-03
#   64 ERR:  0.1214416999872222E-03
#   65 ERR:  0.6078273388174983E-04
#   66 ERR:  0.5551343189697563E-04
#   67 ERR:  0.4776071921841807E-04
#   68 ERR:  0.4367257684826170E-04
#   69 ERR:  0.4520911318343942E-04
#   70 ERR:  0.3963013215539725E-04
#   71 ERR:  0.2689499937854117E-04
#   72 ERR:  0.2407927212024571E-04
#   73 ERR:  0.2417557764798592E-04
#   74 ERR:  0.2146036697603554E-04
#   75 ERR:  0.4374976502639880E-04
#   76 ERR:  0.2501676030780530E-04
#   77 ERR:  0.1507204150284954E-04
#   78 ERR:  0.1374335200392300E-04
#   79 ERR:  0.6690137198602012E-05
#   80 ERR:  0.5841787327413750E-05
#   81 ERR:  0.5157614084023748E-05
#   82 ERR:  0.4649302436251990E-05
#   83 ERR:  0.5299769169989276E-05
#   84 ERR:  0.4807495680895113E-05
#   85 ERR:  0.2718022494412870E-04
#   86 ERR:  0.2236404832736684E-04
#   87 ERR:  0.2084465615423984E-05
#   88 ERR:  0.1896588141879101E-05
#   89 ERR:  0.1298446069861791E-05
#   90 ERR:  0.1134580670051336E-05
#   91 ERR:  0.4275968936003663E-06
#   92 ERR:  0.3848461429556921E-06
#   93 ERR:  0.3354754528172642E-06
#   94 ERR:  0.3111722331285618E-06
#   95 ERR:  0.1368675816284254E-05
#   96 ERR:  0.1063835027332212E-05
#   97 ERR:  0.2595462975523899E-06
#   98 ERR:  0.2331152179396645E-06
#   99 ERR:  0.2236352200359860E-06
#  100 ERR:  0.1969813081211868E-06
#  101 ERR:  0.1760680737896948E-06
#  102 ERR:  0.1635190258879661E-06
#  103 ERR:  0.1603686154320013E-06
#  104 ERR:  0.1459674556242793E-06
#  105 ERR:  0.7105352975357748E-06
#  106 ERR:  0.6307000110646523E-06
#  107 ERR:  0.1183222406811738E-06
#  108 ERR:  0.1096538117634366E-06
#  109 ERR:  0.1332636192491520E-06
#  110 ERR:  0.1230646948002709E-06
#  111 ERR:  0.1810171177940351E-06
#  112 ERR:  0.1606610699070432E-06
#  113 ERR:  0.1690563092476849E-06
#  114 ERR:  0.1478897632598063E-06
#  115 ERR:  0.5399848113644805E-05
#  116 ERR:  0.4136619761404448E-05
#  117 ERR:  0.3826865861431541E-06
#  118 ERR:  0.3303366609623154E-06
#  119 ERR:  0.8725098149153173E-06
#  120 ERR:  0.7732978811536713E-06
#  121 ERR:  0.1789585760607600E-06
#  122 ERR:  0.6892403786080782E-07
#  123 ERR:  0.1383388461560207E-06
#  124 ERR:  0.1222126803561091E-06
#  125 ERR:  0.6222414754699119E-07
#  126 ERR:  0.2617285066001393E-07
#  127 ERR:  0.7494573935001570E-08
#  128 ERR:  0.6499874127337105E-08
#  129 ERR:  0.1876584881178289E-08
#  130 ERR:  0.1726138586642270E-08
#  131 ERR:  0.1638170645862802E-08
#  132 ERR:  0.1521399804412194E-08
#  133 ERR:  0.1403211499452628E-08
#  134 ERR:  0.1272906677554577E-08
#  135 ERR:  0.1288326982242996E-08
#  136 ERR:  0.1184569313098767E-08
#  137 ERR:  0.1127424834045073E-08
#  138 ERR:  0.1042559210894652E-08
#  139 ERR:  0.1074258009398746E-08
#  140 ERR:  0.1001975483586182E-08
#  141 ERR:  0.9398310798817805E-09
#  142 ERR:  0.7718773724011555E-09
#  143 ERR:  0.2438707502811786E-08
#  144 ERR:  0.1336688258536738E-08
#  145 ERR:  0.6276397601543868E-09
#  146 ERR:  0.5582530306056076E-09
#  147 ERR:  0.5368323944693573E-09
#  148 ERR:  0.5013150720987215E-09
#  149 ERR:  0.6543496677486220E-09
#  150 ERR:  0.5781395630825872E-09
#  151 ERR:  0.4234111019005455E-09
#  152 ERR:  0.3676342743928022E-09
#  153 ERR:  0.6125913057185121E-09
#  154 ERR:  0.5594084769351061E-09
#  155 ERR:  0.7790620922259295E-09
#  156 ERR:  0.5863962139982065E-09
#  157 ERR:  0.8145117445214412E-09
#  158 ERR:  0.4488869910783767E-09
#  159 ERR:  0.1283021803922281E-08
#  160 ERR:  0.5873081929118748E-09
#  161 ERR:  0.5843344390903075E-09
#  162 ERR:  0.5302704610594385E-09
#  163 ERR:  0.1565229405551417E-09
#  164 ERR:  0.1402194995513236E-09
#  165 ERR:  0.1210959686212469E-09
#  166 ERR:  0.1040883017943808E-09
#  167 ERR:  0.8908541645832899E-10
#  168 ERR:  0.8164708294465625E-10
#  169 ERR:  0.9373204195730360E-10
#  170 ERR:  0.8515455619145964E-10
#  171 ERR:  0.1310700912666154E-09
#  172 ERR:  0.1113753211658182E-09
#  173 ERR:  0.1863973053892739E-10
#  174 ERR:  0.1620564298266029E-10
#  175 ERR:  0.1055460269151800E-10
#  176 ERR:  0.9616140061256750E-11
#  177 ERR:  0.1986246882857946E-10
#  178 ERR:  0.1763173361277119E-10
#  179 ERR:  0.4924249247063202E-11
#  180 ERR:  0.4133353798320857E-11
#  181 ERR:  0.3366224371728253E-11
#  182 ERR:  0.3145059969567957E-11
#  183 ERR:  0.2950342744792152E-11
#  184 ERR:  0.2760631147543162E-11
#  185 ERR:  0.2750341382683617E-11
#  186 ERR:  0.2580715372902363E-11
#  187 ERR:  0.2404965593187997E-11
#  188 ERR:  0.2262833236948835E-11
#  189 ERR:  0.2246342472007497E-11
#  190 ERR:  0.2112832167661802E-11
#  191 ERR:  0.2224172258831991E-11
#  192 ERR:  0.1966834513419861E-11
#  193 ERR:  0.1509024258718498E-11
#  194 ERR:  0.1376012492650017E-11
#  195 ERR:  0.2817108167530800E-11
#  196 ERR:  0.2574947716181988E-11
#  197 ERR:  0.2396883597704798E-11
#  198 ERR:  0.2187040723583850E-11
#  199 ERR:  0.9191839834082263E-12
#  200 ERR:  0.8403138733003761E-12
#  201 ERR:  0.7934904326604379E-12
#  202 ERR:  0.7270551779957788E-12
#  203 ERR:  0.7851885496161465E-12
#  204 ERR:  0.6893881470538263E-12
#  205 ERR:  0.6465397565484983E-12
#  206 ERR:  0.4215578218301024E-12
#  207 ERR:  0.4819349262228445E-12
#  208 ERR:  0.3779142469516029E-12
#  209 ERR:  0.5211095352639588E-12
#  210 ERR:  0.4217713195276934E-12
#  211 ERR:  0.2979771924000059E-12
#  212 ERR:  0.2510695514695823E-12
#  213 ERR:  0.2029974419930297E-12
#  214 ERR:  0.1595535373385191E-12
#  215 ERR:  0.1590643441602996E-12
#  216 ERR:  0.1457000465431218E-12
#  217 ERR:  0.1770520213374763E-12
#  218 ERR:  0.1567073989975694E-12
#  219 ERR:  0.4516134257545315E-13
BiCGStab iteration converged.
#  219 ERR =  0.4516134257545315E-13 ETIME =  0.6250000000000000E+00
